Arguments: 
  C:\Program Files\nodejs\node.exe C:\Users\Gohar Arzumanyan\AppData\Roaming\npm\node_modules\yarn\bin\yarn.js

PATH: 
  C:\Program Files\Git\mingw64\bin;C:\Program Files\Git\usr\bin;C:\Users\Gohar Arzumanyan\bin;C:\WINDOWS\system32;C:\WINDOWS;C:\WINDOWS\System32\Wbem;C:\WINDOWS\System32\WindowsPowerShell\v1.0;C:\WINDOWS\System32\OpenSSH;C:\Program Files (x86)\Common Files\SecurIT;C:\Program Files\Git\cmd;C:\Users\Gohar Arzumanyan\AppData\Roaming\nvm;C:\Program Files\nodejs;C:\Program Files\Microsoft SQL Server\150\Tools\Binn;C:\Program Files\Microsoft SQL Server\Client SDK\ODBC\170\Tools\Binn;C:\Program Files\dotnet;C:\Program Files (x86)\Microsoft SQL Server\150\DTS\Binn;C:\Program Files\Azure Data Studio\bin;C:\Users\Gohar Arzumanyan\AppData\Local\Microsoft\WindowsApps;C:\Users\Gohar Arzumanyan\AppData\Local\Programs\Git\cmd;C:\Users\Gohar Arzumanyan\AppData\Roaming\npm;C:\Users\Gohar Arzumanyan\AppData\Roaming\nvm;C:\Program Files\nodejs;C:\Users\Gohar Arzumanyan\AppData\Local\Programs\Microsoft VS Code\bin;C:\Users\Gohar Arzumanyan\.dotnet\tools;C:\Program Files\Azure Data Studio\bin

Yarn version: 
  1.22.18

Node version: 
  16.15.0

Platform: 
  win32 x64

Trace: 
  Error: unable to verify the first certificate
      at TLSSocket.onConnectSecure (node:_tls_wrap:1532:34)
      at TLSSocket.emit (node:events:527:28)
      at TLSSocket._finishInit (node:_tls_wrap:946:8)
      at TLSWrap.ssl.onhandshakedone (node:_tls_wrap:727:12)

npm manifest: 
  {
    "name": "online-loans-customer-app",
    "version": "0.1.0",
    "private": true,
    "dependencies": {
      "@testing-library/jest-dom": "^5.16.4",
      "@testing-library/react": "^12.1.4",
      "@testing-library/user-event": "^13.5.0",
      "http-proxy-middleware": "^0.19.1",
      "axios": "^0.27.2",
      "immutable": "^4.1.0",
      "react": "^17.0.2",
      "react-datepicker": "^3.3.0",
      "react-dom": "^17.0.2",
      "react-hook-form": "^6.11.0",
      "react-number-format": "^4.4.1",
      "react-phone-number-input": "^3.1.10",
      "react-redux": "^7.2.2",
      "react-router-dom": "^5.2.0",
      "react-scripts": "^4.0.3",
      "react-select": "^3.1.0",
      "react-verification-code-input": "^1.2.8",
      "redux": "^4.0.5",
      "redux-saga": "^1.1.3",
      "sass": "^1.28.0",
      "sass-loader": "^10.0.5",
      "web-vitals": "^2.1.4"
    },
    "devDependencies": {
      "cross-env": "^7.0.3",
      "rimraf": "^2.6.2"
    },
    "scripts": {
      "prestart": "node aspnetcore-https && node aspnetcore-react",
      "start": "rimraf ./build && react-scripts start",
      "build": "react-scripts build",
      "test": "react-scripts test",
      "eject": "react-scripts eject"
    },
    "eslintConfig": {
      "extends": [
        "react-app",
        "react-app/jest"
      ]
    },
    "browserslist": {
      "production": [
        ">0.2%",
        "not dead",
        "not op_mini all"
      ],
      "development": [
        "last 1 chrome version",
        "last 1 firefox version",
        "last 1 safari version"
      ]
    }
  }

yarn manifest: 
  No manifest

Lockfile: 
  No lockfile
